<?xml version="1.0" encoding="UTF-8"?>
<!-- Generated by org.testng.reporters.JUnitXMLReporter -->
<testsuite ignored="0" hostname="din83000439" failures="1" tests="3" name="Test" time="13.761" errors="0" timestamp="2022-04-03T23:09:23 IST">
  <testcase classname="allureReportExample.AllureReportingDemo" name="check_logoPresence" time="0.132"/>
  <testcase classname="allureReportExample.AllureReportingDemo" name="loginTest" time="1.747">
    <failure type="java.lang.AssertionError" message="expected [nopCommerce demo store] but found [nopCommerce demo store. Login]">
      <![CDATA[java.lang.AssertionError: expected [nopCommerce demo store] but found [nopCommerce demo store. Login]
at allureReportExample.AllureReportingDemo.loginTest(AllureReportingDemo.java:75)
at java.base/java.util.ArrayList.forEach(ArrayList.java:1511)
... Removed 36 stack frames]]>
    </failure>
  </testcase> <!-- loginTest -->
  <testcase classname="allureReportExample.AllureReportingDemo" name="registrationTest" time="0.003">
    <skipped/>
  </testcase> <!-- registrationTest -->
</testsuite> <!-- Test -->
